<?xml version="1.0" encoding="UTF-8"?>
<!-- Generated by org.testng.reporters.JUnitReportReporter -->
<testsuite hostname="VijayTYSS" failures="0" tests="1" name="com.Banking.LoginModule.TC001_LogintoApplication" time="0.718" errors="0" timestamp="2023-10-29T16:48:45 IST" skipped="0">
  <testcase classname="com.Banking.LoginModule.TC001_LogintoApplication" name="login" time="0.718"/>
</testsuite> <!-- com.Banking.LoginModule.TC001_LogintoApplication -->
