<?xml version="1.0" encoding="UTF-8"?>
<!-- Generated by org.testng.reporters.JUnitReportReporter -->
<testsuite hostname="VijayTYSS" failures="0" tests="8" name="ParallelCheck.test3" time="0.160" errors="0" timestamp="2023-10-17T15:11:40 IST" skipped="0">
  <testcase classname="ParallelCheck.test3" name="method4" time="0.023"/>
  <testcase classname="ParallelCheck.test3" name="method2" time="0.003"/>
  <testcase classname="ParallelCheck.test3" name="method1" time="0.073"/>
  <testcase classname="ParallelCheck.test3" name="method2" time="0.019"/>
  <testcase classname="ParallelCheck.test3" name="method3" time="0.035"/>
  <testcase classname="ParallelCheck.test3" name="method1" time="0.002"/>
  <testcase classname="ParallelCheck.test3" name="method4" time="0.003"/>
  <testcase classname="ParallelCheck.test3" name="method3" time="0.002"/>
</testsuite> <!-- ParallelCheck.test3 -->
