<?xml version="1.0" encoding="UTF-8"?>
<!-- Generated by org.testng.reporters.JUnitReportReporter -->
<testsuite hostname="VijayTYSS" failures="0" tests="2" name="Groups.GroupTest" time="0.011" errors="0" timestamp="2023-10-16T15:03:04 IST" skipped="0">
  <testcase classname="Groups.GroupTest" name="test4" time="0.001"/>
  <testcase classname="Groups.GroupTest" name="test1" time="0.010"/>
</testsuite> <!-- Groups.GroupTest -->
