<?xml version="1.0" encoding="UTF-8"?>
<!-- Generated by org.testng.reporters.JUnitReportReporter -->
<testsuite hostname="VijayTYSS" failures="0" tests="8" name="ParallelCheck.test1" time="0.146" errors="0" timestamp="2023-10-17T15:11:40 IST" skipped="0">
  <testcase classname="ParallelCheck.test1" name="method2" time="0.002"/>
  <testcase classname="ParallelCheck.test1" name="method4" time="0.001"/>
  <testcase classname="ParallelCheck.test1" name="method3" time="0.002"/>
  <testcase classname="ParallelCheck.test1" name="method2" time="0.019"/>
  <testcase classname="ParallelCheck.test1" name="method3" time="0.036"/>
  <testcase classname="ParallelCheck.test1" name="method1" time="0.078"/>
  <testcase classname="ParallelCheck.test1" name="method1" time="0.003"/>
  <testcase classname="ParallelCheck.test1" name="method4" time="0.005"/>
</testsuite> <!-- ParallelCheck.test1 -->
