<?xml version="1.0" encoding="UTF-8"?>
<!-- Generated by org.testng.reporters.JUnitReportReporter -->
<testsuite hostname="VijayTYSS" failures="0" tests="4" name="com.Banking.DeleteCustomer.TC001_DeleteCustomer" time="12.226" errors="0" timestamp="2023-10-18T16:39:21 IST" skipped="0">
  <testcase classname="com.Banking.DeleteCustomer.TC001_DeleteCustomer" name="login" time="2.829"/>
  <testcase classname="com.Banking.DeleteCustomer.TC001_DeleteCustomer" name="manager" time="0.382"/>
  <testcase classname="com.Banking.DeleteCustomer.TC001_DeleteCustomer" name="addNewCustomer" time="7.018"/>
  <testcase classname="com.Banking.DeleteCustomer.TC001_DeleteCustomer" name="deleteCustomer" time="1.997"/>
</testsuite> <!-- com.Banking.DeleteCustomer.TC001_DeleteCustomer -->
