<?xml version="1.0" encoding="UTF-8"?>
<!-- Generated by org.testng.reporters.JUnitReportReporter -->
<testsuite hostname="VijayTYSS" failures="0" tests="3" name="com.Banking.EditAccount.TC001_EditAccount" time="4.294" errors="0" timestamp="2023-10-18T16:39:21 IST" skipped="0">
  <testcase classname="com.Banking.EditAccount.TC001_EditAccount" name="login" time="1.951"/>
  <testcase classname="com.Banking.EditAccount.TC001_EditAccount" name="manager" time="1.726"/>
  <testcase classname="com.Banking.EditAccount.TC001_EditAccount" name="editAccount" time="0.617"/>
</testsuite> <!-- com.Banking.EditAccount.TC001_EditAccount -->
