<?xml version="1.0" encoding="UTF-8"?>
<!-- Generated by org.testng.reporters.JUnitReportReporter -->
<testsuite hostname="VijayTYSS" failures="0" tests="4" name="com.Banking.AddNewAccount.TC001_CreateSavingsAccount" time="45.688" errors="0" timestamp="2023-10-18T16:39:21 IST" skipped="0">
  <testcase classname="com.Banking.AddNewAccount.TC001_CreateSavingsAccount" name="login" time="17.473"/>
  <testcase classname="com.Banking.AddNewAccount.TC001_CreateSavingsAccount" name="manager" time="0.233"/>
  <testcase classname="com.Banking.AddNewAccount.TC001_CreateSavingsAccount" name="addNewCustomer" time="23.921"/>
  <testcase classname="com.Banking.AddNewAccount.TC001_CreateSavingsAccount" name="addNewSavingsAccount" time="4.061"/>
</testsuite> <!-- com.Banking.AddNewAccount.TC001_CreateSavingsAccount -->
