<?xml version="1.0" encoding="UTF-8"?>
<!-- Generated by org.testng.reporters.JUnitReportReporter -->
<testsuite hostname="VijayTYSS" failures="0" tests="3" name="com.Banking.Withdrawl.TC001_WithdrawMoney" time="12.277" errors="0" timestamp="2023-10-18T16:39:21 IST" skipped="0">
  <testcase classname="com.Banking.Withdrawl.TC001_WithdrawMoney" name="login" time="4.405"/>
  <testcase classname="com.Banking.Withdrawl.TC001_WithdrawMoney" name="manager" time="4.503"/>
  <testcase classname="com.Banking.Withdrawl.TC001_WithdrawMoney" name="withdraw" time="3.369"/>
</testsuite> <!-- com.Banking.Withdrawl.TC001_WithdrawMoney -->
