<?xml version="1.0" encoding="UTF-8"?>
<!-- Generated by org.testng.reporters.JUnitReportReporter -->
<testsuite hostname="VijayTYSS" failures="0" tests="2" name="com.Banking.Manager.TC001_LoginasManager" time="2.839" errors="0" timestamp="2023-10-18T16:39:21 IST" skipped="0">
  <testcase classname="com.Banking.Manager.TC001_LoginasManager" name="login" time="1.886"/>
  <testcase classname="com.Banking.Manager.TC001_LoginasManager" name="mangager" time="0.953"/>
</testsuite> <!-- com.Banking.Manager.TC001_LoginasManager -->
