<?xml version="1.0" encoding="UTF-8"?>
<!-- Generated by org.testng.reporters.JUnitReportReporter -->
<testsuite hostname="VijayTYSS" failures="0" tests="3" name="com.Banking.FundTransfer.TC001_FundTransfer" time="30.360" errors="0" timestamp="2023-10-18T16:39:21 IST" skipped="0">
  <testcase classname="com.Banking.FundTransfer.TC001_FundTransfer" name="login" time="3.903"/>
  <testcase classname="com.Banking.FundTransfer.TC001_FundTransfer" name="manager" time="0.934"/>
  <testcase classname="com.Banking.FundTransfer.TC001_FundTransfer" name="fundTransfer" time="25.523"/>
</testsuite> <!-- com.Banking.FundTransfer.TC001_FundTransfer -->
