<?xml version="1.0" encoding="UTF-8"?>
<!-- Generated by org.testng.reporters.JUnitReportReporter -->
<testsuite hostname="VijayTYSS" failures="0" tests="4" name="ParallelCheck.test2" time="0.157" errors="0" timestamp="2023-10-17T15:11:40 IST" skipped="0">
  <testcase classname="ParallelCheck.test2" name="method3" time="0.050"/>
  <testcase classname="ParallelCheck.test2" name="method1" time="0.075"/>
  <testcase classname="ParallelCheck.test2" name="method2" time="0.019"/>
  <testcase classname="ParallelCheck.test2" name="method4" time="0.013"/>
</testsuite> <!-- ParallelCheck.test2 -->
