<?xml version="1.0" encoding="UTF-8"?>
<!-- Generated by org.testng.reporters.JUnitReportReporter -->
<testsuite hostname="VijayTYSS" failures="0" tests="3" name="com.Banking.DeleteAccount.TC001_DeleteAccount" time="3.949" errors="0" timestamp="2023-10-18T16:39:21 IST" skipped="0">
  <testcase classname="com.Banking.DeleteAccount.TC001_DeleteAccount" name="login" time="2.166"/>
  <testcase classname="com.Banking.DeleteAccount.TC001_DeleteAccount" name="manager" time="1.226"/>
  <testcase classname="com.Banking.DeleteAccount.TC001_DeleteAccount" name="deleteAccount" time="0.557"/>
</testsuite> <!-- com.Banking.DeleteAccount.TC001_DeleteAccount -->
