<?xml version="1.0" encoding="UTF-8"?>
<!-- Generated by org.testng.reporters.JUnitReportReporter -->
<testsuite hostname="VijayTYSS" failures="0" tests="2" name="com.Banking.LoginModule.TC002_functionalityOfLogin" time="1.317" errors="0" timestamp="2023-10-29T16:48:45 IST" skipped="0">
  <testcase classname="com.Banking.LoginModule.TC002_functionalityOfLogin" name="loginfunctionality" time="0.637"/>
  <testcase classname="com.Banking.LoginModule.TC002_functionalityOfLogin" name="loginfunctionality" time="0.680"/>
</testsuite> <!-- com.Banking.LoginModule.TC002_functionalityOfLogin -->
